<?xml version="1.0" encoding="UTF-8"?>
<!-- Generated by org.testng.reporters.JUnitReportReporter -->
<testsuite skipped="0" hostname="LAPTOP-CJ6G961B" name="package1.BaseClass" tests="4" failures="0" timestamp="12 Dec 2019 08:56:27 GMT" time="88.743" errors="0">
  <testcase name="start" time="15.854" classname="package1.BaseClass"/>
  <testcase name="login" time="10.449" classname="package1.BaseClass"/>
  <testcase name="AllEvents" time="56.023" classname="package1.BaseClass"/>
  <testcase name="logout" time="6.417" classname="package1.BaseClass"/>
</testsuite> <!-- package1.BaseClass -->
